[debug] [2023-11-27T19:56:33.518Z] ----------------------------------------------------------------------
[debug] [2023-11-27T19:56:33.519Z] Command:       D:\Tools\nodejs\node.exe C:\Users\PC\AppData\Roaming\npm\node_modules\firebase-tools\lib\bin\firebase.js projects:list
[debug] [2023-11-27T19:56:33.520Z] CLI Version:   12.9.1
[debug] [2023-11-27T19:56:33.520Z] Platform:      win32
[debug] [2023-11-27T19:56:33.520Z] Node Version:  v18.14.1
[debug] [2023-11-27T19:56:33.521Z] Time:          Tue Nov 28 2023 02:56:33 GMT+0700 (Indochina Time)
[debug] [2023-11-27T19:56:33.521Z] ----------------------------------------------------------------------
[debug] 
[debug] [2023-11-27T19:56:33.533Z] > command requires scopes: ["email","openid","https://www.googleapis.com/auth/cloudplatformprojects.readonly","https://www.googleapis.com/auth/firebase","https://www.googleapis.com/auth/cloud-platform"]
[debug] [2023-11-27T19:56:33.533Z] > authorizing via signed-in user (linhltq28@gmail.com)
[debug] [2023-11-27T19:56:33.536Z] > refreshing access token with scopes: []
[debug] [2023-11-27T19:56:33.537Z] >>> [apiv2][query] POST https://www.googleapis.com/oauth2/v3/token [none]
[debug] [2023-11-27T19:56:33.537Z] >>> [apiv2][body] POST https://www.googleapis.com/oauth2/v3/token [omitted]
[debug] [2023-11-27T19:56:33.727Z] <<< [apiv2][status] POST https://www.googleapis.com/oauth2/v3/token 400
[debug] [2023-11-27T19:56:33.728Z] <<< [apiv2][body] POST https://www.googleapis.com/oauth2/v3/token [omitted]
[debug] [2023-11-27T19:56:33.728Z] >>> [apiv2][query] GET https://firebase.googleapis.com/v1beta1/projects pageSize=1000
[debug] [2023-11-27T19:56:33.861Z] <<< [apiv2][status] GET https://firebase.googleapis.com/v1beta1/projects 401
[debug] [2023-11-27T19:56:33.862Z] <<< [apiv2][body] GET https://firebase.googleapis.com/v1beta1/projects [omitted]
[debug] [2023-11-27T19:56:33.862Z] HTTP Error: 401, Request had invalid authentication credentials. Expected OAuth 2 access token, login cookie or other valid authentication credential. See https://developers.google.com/identity/sign-in/web/devconsole-project.
[debug] [2023-11-27T19:56:38.865Z] Error: Timed out.
    at Timeout._onTimeout (C:\Users\PC\AppData\Roaming\npm\node_modules\firebase-tools\lib\utils.js:254:49)
    at listOnTimeout (node:internal/timers:569:17)
    at process.processTimers (node:internal/timers:512:7)
[error] 
[error] Error: An unexpected error has occurred.
